Using pre-set license
Built from '2021.3/staging' branch; Version is '2021.3.14f1 (eee1884e7226) revision 15655304'; Using compiler version '192829333'; Build Type 'Release'
OS: 'Windows 10  (10.0.19045) 64bit Professional' Language: 'en' Physical Memory: 16317 MB
BatchMode: 1, IsHumanControllingUs: 0, StartBugReporterOnCrash: 0, Is64bit: 1, IsPro: 1

COMMAND LINE ARGUMENTS:
C:\Program Files\Unity 2021.3.14f1\Editor\Unity.exe
-adb2
-batchMode
-noUpm
-name
AssetImportWorker0
-projectPath
C:/Users/matya/github/multiplayer-game
-logFile
Logs/AssetImportWorker0.log
-srvPort
61852
Successfully changed project path to: C:/Users/matya/github/multiplayer-game
C:/Users/matya/github/multiplayer-game
[UnityMemory] Configuration Parameters - Can be set up in boot.config
    "memorysetup-bucket-allocator-granularity=16"
    "memorysetup-bucket-allocator-bucket-count=8"
    "memorysetup-bucket-allocator-block-size=33554432"
    "memorysetup-bucket-allocator-block-count=8"
    "memorysetup-main-allocator-block-size=16777216"
    "memorysetup-thread-allocator-block-size=16777216"
    "memorysetup-gfx-main-allocator-block-size=16777216"
    "memorysetup-gfx-thread-allocator-block-size=16777216"
    "memorysetup-cache-allocator-block-size=4194304"
    "memorysetup-typetree-allocator-block-size=2097152"
    "memorysetup-profiler-bucket-allocator-granularity=16"
    "memorysetup-profiler-bucket-allocator-bucket-count=8"
    "memorysetup-profiler-bucket-allocator-block-size=33554432"
    "memorysetup-profiler-bucket-allocator-block-count=8"
    "memorysetup-profiler-allocator-block-size=16777216"
    "memorysetup-profiler-editor-allocator-block-size=1048576"
    "memorysetup-temp-allocator-size-main=16777216"
    "memorysetup-job-temp-allocator-block-size=2097152"
    "memorysetup-job-temp-allocator-block-size-background=1048576"
    "memorysetup-job-temp-allocator-reduction-small-platforms=262144"
    "memorysetup-temp-allocator-size-background-worker=32768"
    "memorysetup-temp-allocator-size-job-worker=262144"
    "memorysetup-temp-allocator-size-preload-manager=33554432"
    "memorysetup-temp-allocator-size-nav-mesh-worker=65536"
    "memorysetup-temp-allocator-size-audio-worker=65536"
    "memorysetup-temp-allocator-size-cloud-worker=32768"
    "memorysetup-temp-allocator-size-gi-baking-worker=262144"
    "memorysetup-temp-allocator-size-gfx=262144"
Refreshing native plugins compatible for Editor in 120.78 ms, found 3 plugins.
Preloading 0 native plugins for Editor in 0.00 ms.
Initialize engine version: 2021.3.14f1 (eee1884e7226)
[Subsystems] Discovering subsystems at path C:/Program Files/Unity 2021.3.14f1/Editor/Data/Resources/UnitySubsystems
[Subsystems] Discovering subsystems at path C:/Users/matya/github/multiplayer-game/Assets
GfxDevice: creating device client; threaded=0; jobified=0
Direct3D:
    Version:  Direct3D 11.0 [level 11.1]
    Renderer: NVIDIA GeForce GTX 1060 6GB (ID=0x1c03)
    Vendor:   NVIDIA
    VRAM:     6052 MB
    Driver:   31.0.15.1694
Initialize mono
Mono path[0] = 'C:/Program Files/Unity 2021.3.14f1/Editor/Data/Managed'
Mono path[1] = 'C:/Program Files/Unity 2021.3.14f1/Editor/Data/MonoBleedingEdge/lib/mono/unityjit-win32'
Mono config path = 'C:/Program Files/Unity 2021.3.14f1/Editor/Data/MonoBleedingEdge/etc'
Using monoOptions --debugger-agent=transport=dt_socket,embedding=1,server=y,suspend=n,address=127.0.0.1:56140
Begin MonoManager ReloadAssembly
Registering precompiled unity dll's ...
Register platform support module: C:/Program Files/Unity 2021.3.14f1/Editor/Data/PlaybackEngines/WindowsStandaloneSupport/UnityEditor.WindowsStandalone.Extensions.dll
Registered in 0.023123 seconds.
Native extension for WindowsStandalone target not found
Refreshing native plugins compatible for Editor in 156.33 ms, found 3 plugins.
Preloading 0 native plugins for Editor in 0.00 ms.
Mono: successfully reloaded assembly
- Completed reload, in  1.773 seconds
Domain Reload Profiling:
	ReloadAssembly (1775ms)
		BeginReloadAssembly (246ms)
			ExecutionOrderSort (0ms)
			DisableScriptedObjects (0ms)
			BackupInstance (0ms)
			ReleaseScriptingObjects (0ms)
			CreateAndSetChildDomain (2ms)
		EndReloadAssembly (1202ms)
			LoadAssemblies (238ms)
			RebuildTransferFunctionScriptingTraits (0ms)
			SetupTypeCache (200ms)
			ReleaseScriptCaches (0ms)
			RebuildScriptCaches (115ms)
			SetupLoadedEditorAssemblies (778ms)
				LogAssemblyErrors (0ms)
				InitializePlatformSupportModulesInManaged (33ms)
				SetLoadedEditorAssemblies (2ms)
				RefreshPlugins (156ms)
				BeforeProcessingInitializeOnLoad (2ms)
				ProcessInitializeOnLoadAttributes (455ms)
				ProcessInitializeOnLoadMethodAttributes (129ms)
				AfterProcessingInitializeOnLoad (0ms)
				EditorAssembliesLoaded (0ms)
			ExecutionOrderSort2 (0ms)
			AwakeInstancesAfterBackupRestoration (0ms)
Platform modules already initialized, skipping
Registering precompiled user dll's ...
Registered in 0.031515 seconds.
Begin MonoManager ReloadAssembly
Symbol file LoadedFromMemory doesn't match image C:\Users\matya\github\multiplayer-game\Library\PackageCache\com.unity.visualscripting@1.7.8\Editor\VisualScripting.Core\Dependencies\YamlDotNet\Unity.VisualScripting.YamlDotNet.dll
Symbol file LoadedFromMemory doesn't match image C:\Users\matya\github\multiplayer-game\Library\PackageCache\com.unity.visualscripting@1.7.8\Editor\VisualScripting.Core\Dependencies\DotNetZip\Unity.VisualScripting.IonicZip.dll
Native extension for WindowsStandalone target not found
Refreshing native plugins compatible for Editor in 1.16 ms, found 3 plugins.
Preloading 0 native plugins for Editor in 0.00 ms.
Mirror | mirror-networking.com | discord.gg/N9QVxbM
UnityEngine.StackTraceUtility:ExtractStackTrace ()
UnityEngine.DebugLogHandler:LogFormat (UnityEngine.LogType,UnityEngine.Object,string,object[])
UnityEngine.Logger:Log (UnityEngine.LogType,object)
UnityEngine.Debug:Log (object)
Mirror.Welcome:OnInitializeOnLoad () (at Assets/Mirror/Editor/Welcome.cs:18)
System.Reflection.RuntimeMethodInfo:Invoke (object,System.Reflection.BindingFlags,System.Reflection.Binder,object[],System.Globalization.CultureInfo)
System.Reflection.MethodBase:Invoke (object,object[])
UnityEditor.EditorAssemblies:ProcessInitializeOnLoadMethodAttributes ()

(Filename: Assets/Mirror/Editor/Welcome.cs Line: 18)

Mono: successfully reloaded assembly
- Completed reload, in  1.850 seconds
Domain Reload Profiling:
	ReloadAssembly (1851ms)
		BeginReloadAssembly (216ms)
			ExecutionOrderSort (0ms)
			DisableScriptedObjects (11ms)
			BackupInstance (0ms)
			ReleaseScriptingObjects (0ms)
			CreateAndSetChildDomain (41ms)
		EndReloadAssembly (1427ms)
			LoadAssemblies (177ms)
			RebuildTransferFunctionScriptingTraits (0ms)
			SetupTypeCache (473ms)
			ReleaseScriptCaches (1ms)
			RebuildScriptCaches (82ms)
			SetupLoadedEditorAssemblies (645ms)
				LogAssemblyErrors (0ms)
				InitializePlatformSupportModulesInManaged (10ms)
				SetLoadedEditorAssemblies (1ms)
				RefreshPlugins (1ms)
				BeforeProcessingInitializeOnLoad (153ms)
				ProcessInitializeOnLoadAttributes (402ms)
				ProcessInitializeOnLoadMethodAttributes (59ms)
				AfterProcessingInitializeOnLoad (19ms)
				EditorAssembliesLoaded (0ms)
			ExecutionOrderSort2 (0ms)
			AwakeInstancesAfterBackupRestoration (10ms)
Platform modules already initialized, skipping
========================================================================
Worker process is ready to serve import requests
Launched and connected shader compiler UnityShaderCompiler.exe after 0.07 seconds
Refreshing native plugins compatible for Editor in 1.72 ms, found 3 plugins.
Preloading 0 native plugins for Editor in 0.00 ms.
Unloading 3633 Unused Serialized files (Serialized files now loaded: 0)
Unloading 32 unused Assets / (113.5 KB). Loaded Objects now: 4087.
Memory consumption went from 124.1 MB to 124.0 MB.
Total: 6.357100 ms (FindLiveObjects: 0.478700 ms CreateObjectMapping: 0.183500 ms MarkObjects: 5.562300 ms  DeleteObjects: 0.131600 ms)

AssetImportParameters requested are different than current active one (requested -> active):
  custom:video-decoder-ogg-theora: a1e56fd34408186e4bbccfd4996cb3dc -> 
  custom:container-muxer-webm: aa71ff27fc2769a1b78a27578f13a17b -> 
  custom:container-demuxer-webm: 4f35f7cbe854078d1ac9338744f61a02 -> 
  custom:video-encoder-webm-vp8: eb34c28f22e8b96e1ab97ce403110664 -> 
  custom:audio-encoder-webm-vorbis: bf7c407c2cedff20999df2af8eb42d56 -> 
  custom:framework-win-MediaFoundation: 216162199b28c13a410421893ffa2e32 -> 
  custom:container-demuxer-ogg: 62fdf1f143b41e24485cea50d1cbac27 -> 
  custom:video-decoder-webm-vp8: 9c59270c3fd7afecdb556c50c9e8de78 -> 
  custom:audio-decoder-ogg-vorbis: bf7c407c2cedff20999df2af8eb42d56 -> 
========================================================================
Received Import Request.
  Time since last request: 24935.579669 seconds.
  path: Assets/Scripts/Board/BoardScript.cs
  artifactKey: Guid(2ef476b74694fab42ad703683c16bc7b) Importer(815301076,1909f56bfc062723c751e8b465ee728b)
Start importing Assets/Scripts/Board/BoardScript.cs using Guid(2ef476b74694fab42ad703683c16bc7b) Importer(815301076,1909f56bfc062723c751e8b465ee728b)  -> (artifact id: '5dc1f5caf4cfef2a2b318dd80f7a14f6') in 0.078379 seconds 
========================================================================
Received Import Request.
  Time since last request: 1671.996444 seconds.
  path: Assets/Scripts/Board/BoardScript.cs
  artifactKey: Guid(2ef476b74694fab42ad703683c16bc7b) Importer(815301076,1909f56bfc062723c751e8b465ee728b)
Start importing Assets/Scripts/Board/BoardScript.cs using Guid(2ef476b74694fab42ad703683c16bc7b) Importer(815301076,1909f56bfc062723c751e8b465ee728b)  -> (artifact id: 'b4566b6b2ffb2a650fb49242c539c139') in 0.055940 seconds 
========================================================================
Received Import Request.
  Time since last request: 62.384643 seconds.
  path: Assets/Scripts/Board/BoardScript.cs
  artifactKey: Guid(2ef476b74694fab42ad703683c16bc7b) Importer(815301076,1909f56bfc062723c751e8b465ee728b)
Start importing Assets/Scripts/Board/BoardScript.cs using Guid(2ef476b74694fab42ad703683c16bc7b) Importer(815301076,1909f56bfc062723c751e8b465ee728b)  -> (artifact id: '208fb0a436d822c66901f7d59bf00f99') in 0.008479 seconds 
========================================================================
Received Import Request.
  Time since last request: 166.875857 seconds.
  path: Assets/Scripts/Board/BoardScript.cs
  artifactKey: Guid(2ef476b74694fab42ad703683c16bc7b) Importer(815301076,1909f56bfc062723c751e8b465ee728b)
Start importing Assets/Scripts/Board/BoardScript.cs using Guid(2ef476b74694fab42ad703683c16bc7b) Importer(815301076,1909f56bfc062723c751e8b465ee728b)  -> (artifact id: '328e0b8cb27f0e63140a5912e2fd13f8') in 0.009837 seconds 
========================================================================
Received Import Request.
  Time since last request: 1782.755174 seconds.
  path: Assets/Scripts/Board/BoardScript.cs
  artifactKey: Guid(2ef476b74694fab42ad703683c16bc7b) Importer(815301076,1909f56bfc062723c751e8b465ee728b)
Start importing Assets/Scripts/Board/BoardScript.cs using Guid(2ef476b74694fab42ad703683c16bc7b) Importer(815301076,1909f56bfc062723c751e8b465ee728b)  -> (artifact id: 'e43006f45eaf219f7a804e0b15754d31') in 0.013077 seconds 
========================================================================
Received Import Request.
  Time since last request: 65.382175 seconds.
  path: Assets/Scripts/Board/BoardScript.cs
  artifactKey: Guid(2ef476b74694fab42ad703683c16bc7b) Importer(815301076,1909f56bfc062723c751e8b465ee728b)
Start importing Assets/Scripts/Board/BoardScript.cs using Guid(2ef476b74694fab42ad703683c16bc7b) Importer(815301076,1909f56bfc062723c751e8b465ee728b)  -> (artifact id: 'fd821418c499a8497c7495845712bf88') in 0.019053 seconds 
========================================================================
Received Import Request.
  Time since last request: 109.324048 seconds.
  path: Assets/Scripts/Board/BoardScript.cs
  artifactKey: Guid(2ef476b74694fab42ad703683c16bc7b) Importer(815301076,1909f56bfc062723c751e8b465ee728b)
Start importing Assets/Scripts/Board/BoardScript.cs using Guid(2ef476b74694fab42ad703683c16bc7b) Importer(815301076,1909f56bfc062723c751e8b465ee728b)  -> (artifact id: 'c2680f53c032d0903a03139520135b63') in 0.008386 seconds 
========================================================================
Received Import Request.
  Time since last request: 10.217198 seconds.
  path: Assets/Scripts/Board/BoardScript.cs
  artifactKey: Guid(2ef476b74694fab42ad703683c16bc7b) Importer(815301076,1909f56bfc062723c751e8b465ee728b)
Start importing Assets/Scripts/Board/BoardScript.cs using Guid(2ef476b74694fab42ad703683c16bc7b) Importer(815301076,1909f56bfc062723c751e8b465ee728b)  -> (artifact id: 'ce45a4d569bd21182e7b9153538695a7') in 0.016548 seconds 
========================================================================
Received Import Request.
  Time since last request: 5.347104 seconds.
  path: Assets/Scripts/Board/BoardScript.cs
  artifactKey: Guid(2ef476b74694fab42ad703683c16bc7b) Importer(815301076,1909f56bfc062723c751e8b465ee728b)
Start importing Assets/Scripts/Board/BoardScript.cs using Guid(2ef476b74694fab42ad703683c16bc7b) Importer(815301076,1909f56bfc062723c751e8b465ee728b)  -> (artifact id: '544c2eef4b6a5d03d9b80fe3e4b69f43') in 0.006221 seconds 
========================================================================
Received Import Request.
  Time since last request: 43.132126 seconds.
  path: Assets/Scripts/Board/BoardScript.cs
  artifactKey: Guid(2ef476b74694fab42ad703683c16bc7b) Importer(815301076,1909f56bfc062723c751e8b465ee728b)
Start importing Assets/Scripts/Board/BoardScript.cs using Guid(2ef476b74694fab42ad703683c16bc7b) Importer(815301076,1909f56bfc062723c751e8b465ee728b)  -> (artifact id: 'c6d9f5bd94dc99abe6f1d00387d746c8') in 0.013184 seconds 
========================================================================
Received Import Request.
  Time since last request: 35.872250 seconds.
  path: Assets/Scripts/Board/BoardScript.cs
  artifactKey: Guid(2ef476b74694fab42ad703683c16bc7b) Importer(815301076,1909f56bfc062723c751e8b465ee728b)
Start importing Assets/Scripts/Board/BoardScript.cs using Guid(2ef476b74694fab42ad703683c16bc7b) Importer(815301076,1909f56bfc062723c751e8b465ee728b)  -> (artifact id: '48dc49673a49ecf98c3bdc2350562472') in 0.005971 seconds 
========================================================================
Received Import Request.
  Time since last request: 47.909620 seconds.
  path: Assets/Scripts/Board/BoardScript.cs
  artifactKey: Guid(2ef476b74694fab42ad703683c16bc7b) Importer(815301076,1909f56bfc062723c751e8b465ee728b)
Start importing Assets/Scripts/Board/BoardScript.cs using Guid(2ef476b74694fab42ad703683c16bc7b) Importer(815301076,1909f56bfc062723c751e8b465ee728b)  -> (artifact id: 'e64d75a34738424477d506bcf4ac9b79') in 0.007972 seconds 
========================================================================
Received Import Request.
  Time since last request: 552.978287 seconds.
  path: Assets/NonScripts/Library
  artifactKey: Guid(9e043eaf6785fc943812999d46a30ca9) Importer(815301076,1909f56bfc062723c751e8b465ee728b)
Start importing Assets/NonScripts/Library using Guid(9e043eaf6785fc943812999d46a30ca9) Importer(815301076,1909f56bfc062723c751e8b465ee728b)  -> (artifact id: '29b242a9726a838a2d333fec6b52c99e') in 0.019419 seconds 
========================================================================
Received Import Request.
  Time since last request: 8.290351 seconds.
  path: Assets/NonScripts/Library/note.cs
  artifactKey: Guid(e286e54e6957bf448af6e19908383b53) Importer(815301076,1909f56bfc062723c751e8b465ee728b)
Start importing Assets/NonScripts/Library/note.cs using Guid(e286e54e6957bf448af6e19908383b53) Importer(815301076,1909f56bfc062723c751e8b465ee728b)  -> (artifact id: '794d8630793a6949763ce82a2133c086') in 0.023383 seconds 
========================================================================
Received Import Request.
  Time since last request: 29.350932 seconds.
  path: Assets/NonScripts/Library/note.cs
  artifactKey: Guid(e286e54e6957bf448af6e19908383b53) Importer(815301076,1909f56bfc062723c751e8b465ee728b)
Start importing Assets/NonScripts/Library/note.cs using Guid(e286e54e6957bf448af6e19908383b53) Importer(815301076,1909f56bfc062723c751e8b465ee728b)  -> (artifact id: '09460218dcce5e6cf557b9af0602e57d') in 0.007176 seconds 
========================================================================
Received Import Request.
  Time since last request: 130.920912 seconds.
  path: Assets/NonScripts/Library/note.cs
  artifactKey: Guid(e286e54e6957bf448af6e19908383b53) Importer(815301076,1909f56bfc062723c751e8b465ee728b)
Start importing Assets/NonScripts/Library/note.cs using Guid(e286e54e6957bf448af6e19908383b53) Importer(815301076,1909f56bfc062723c751e8b465ee728b)  -> (artifact id: '7d7cf45b7f792e574c902842554b8c3d') in 0.006944 seconds 
========================================================================
Received Import Request.
  Time since last request: 3.266804 seconds.
  path: Assets/NonScripts/Library/note.cs
  artifactKey: Guid(e286e54e6957bf448af6e19908383b53) Importer(815301076,1909f56bfc062723c751e8b465ee728b)
Start importing Assets/NonScripts/Library/note.cs using Guid(e286e54e6957bf448af6e19908383b53) Importer(815301076,1909f56bfc062723c751e8b465ee728b)  -> (artifact id: '70e7667628c57d8b730f84ce5d3c88c5') in 0.009050 seconds 
========================================================================
Received Import Request.
  Time since last request: 48.970198 seconds.
  path: Assets/NonScripts/Library/note.cs
  artifactKey: Guid(e286e54e6957bf448af6e19908383b53) Importer(815301076,1909f56bfc062723c751e8b465ee728b)
Start importing Assets/NonScripts/Library/note.cs using Guid(e286e54e6957bf448af6e19908383b53) Importer(815301076,1909f56bfc062723c751e8b465ee728b)  -> (artifact id: '1285e11c67c96283c518d55eae076b0d') in 0.005248 seconds 
========================================================================
Received Import Request.
  Time since last request: 161.955528 seconds.
  path: Assets/NonScripts/Library/note.cs
  artifactKey: Guid(e286e54e6957bf448af6e19908383b53) Importer(815301076,1909f56bfc062723c751e8b465ee728b)
Start importing Assets/NonScripts/Library/note.cs using Guid(e286e54e6957bf448af6e19908383b53) Importer(815301076,1909f56bfc062723c751e8b465ee728b)  -> (artifact id: 'c24e262bb41607741e212cca6e72db85') in 0.007001 seconds 
========================================================================
Received Import Request.
  Time since last request: 79.682192 seconds.
  path: Assets/NonScripts/Library/note.cs
  artifactKey: Guid(e286e54e6957bf448af6e19908383b53) Importer(815301076,1909f56bfc062723c751e8b465ee728b)
Start importing Assets/NonScripts/Library/note.cs using Guid(e286e54e6957bf448af6e19908383b53) Importer(815301076,1909f56bfc062723c751e8b465ee728b)  -> (artifact id: '1759ff42442fa19a18394f6e6a1336a7') in 0.008823 seconds 
========================================================================
Received Import Request.
  Time since last request: 28.033748 seconds.
  path: Assets/NonScripts/Library/note.cs
  artifactKey: Guid(e286e54e6957bf448af6e19908383b53) Importer(815301076,1909f56bfc062723c751e8b465ee728b)
Start importing Assets/NonScripts/Library/note.cs using Guid(e286e54e6957bf448af6e19908383b53) Importer(815301076,1909f56bfc062723c751e8b465ee728b)  -> (artifact id: '369d89360c267b114f60f3e945161c7b') in 0.009767 seconds 
========================================================================
Received Import Request.
  Time since last request: 169.692781 seconds.
  path: Assets/NonScripts/Library/note.cs
  artifactKey: Guid(e286e54e6957bf448af6e19908383b53) Importer(815301076,1909f56bfc062723c751e8b465ee728b)
Start importing Assets/NonScripts/Library/note.cs using Guid(e286e54e6957bf448af6e19908383b53) Importer(815301076,1909f56bfc062723c751e8b465ee728b)  -> (artifact id: '8bf39f3b5ff2659df536044dcc16dc69') in 0.003872 seconds 
========================================================================
Received Import Request.
  Time since last request: 59.952152 seconds.
  path: Assets/NonScripts/Library/note.cs
  artifactKey: Guid(e286e54e6957bf448af6e19908383b53) Importer(815301076,1909f56bfc062723c751e8b465ee728b)
Start importing Assets/NonScripts/Library/note.cs using Guid(e286e54e6957bf448af6e19908383b53) Importer(815301076,1909f56bfc062723c751e8b465ee728b)  -> (artifact id: '0372e83776fa454e24a3e808d89140e4') in 0.007052 seconds 
========================================================================
Received Import Request.
  Time since last request: 773.175864 seconds.
  path: Assets/NonScripts/Library/note.cs
  artifactKey: Guid(e286e54e6957bf448af6e19908383b53) Importer(815301076,1909f56bfc062723c751e8b465ee728b)
Start importing Assets/NonScripts/Library/note.cs using Guid(e286e54e6957bf448af6e19908383b53) Importer(815301076,1909f56bfc062723c751e8b465ee728b)  -> (artifact id: '3d5fb1c7faa05357e2264f31f66f5cdc') in 0.007251 seconds 
========================================================================
Received Import Request.
  Time since last request: 10.146456 seconds.
  path: Assets/NonScripts/Library/note.cs
  artifactKey: Guid(e286e54e6957bf448af6e19908383b53) Importer(815301076,1909f56bfc062723c751e8b465ee728b)
Start importing Assets/NonScripts/Library/note.cs using Guid(e286e54e6957bf448af6e19908383b53) Importer(815301076,1909f56bfc062723c751e8b465ee728b)  -> (artifact id: '30590f846ee526beb42e817a78e54944') in 0.010636 seconds 
========================================================================
Received Import Request.
  Time since last request: 458.253077 seconds.
  path: Assets/NonScripts/Library/note.cs
  artifactKey: Guid(e286e54e6957bf448af6e19908383b53) Importer(815301076,1909f56bfc062723c751e8b465ee728b)
Start importing Assets/NonScripts/Library/note.cs using Guid(e286e54e6957bf448af6e19908383b53) Importer(815301076,1909f56bfc062723c751e8b465ee728b)  -> (artifact id: '76175d9094148d13c45162d90a8e6504') in 0.009997 seconds 
========================================================================
Received Import Request.
  Time since last request: 5.979939 seconds.
  path: Assets/NonScripts/Library/note.cs
  artifactKey: Guid(e286e54e6957bf448af6e19908383b53) Importer(815301076,1909f56bfc062723c751e8b465ee728b)
Start importing Assets/NonScripts/Library/note.cs using Guid(e286e54e6957bf448af6e19908383b53) Importer(815301076,1909f56bfc062723c751e8b465ee728b)  -> (artifact id: '8ea46dc9cb1610e7062868d56dfae98f') in 0.011808 seconds 
========================================================================
Received Import Request.
  Time since last request: 173.620118 seconds.
  path: Assets/NonScripts/Library/note.cs
  artifactKey: Guid(e286e54e6957bf448af6e19908383b53) Importer(815301076,1909f56bfc062723c751e8b465ee728b)
Start importing Assets/NonScripts/Library/note.cs using Guid(e286e54e6957bf448af6e19908383b53) Importer(815301076,1909f56bfc062723c751e8b465ee728b)  -> (artifact id: '87aaeba82970dfbe8d4302c1a45939a9') in 0.008766 seconds 
========================================================================
Received Import Request.
  Time since last request: 24.805741 seconds.
  path: Assets/NonScripts/Library/note.cs
  artifactKey: Guid(e286e54e6957bf448af6e19908383b53) Importer(815301076,1909f56bfc062723c751e8b465ee728b)
Start importing Assets/NonScripts/Library/note.cs using Guid(e286e54e6957bf448af6e19908383b53) Importer(815301076,1909f56bfc062723c751e8b465ee728b)  -> (artifact id: '84ee160f86f5fd6ceb24a6280d4cc5bc') in 0.026799 seconds 
========================================================================
Received Import Request.
  Time since last request: 19.899870 seconds.
  path: Assets/NonScripts/Library/note.cs
  artifactKey: Guid(e286e54e6957bf448af6e19908383b53) Importer(815301076,1909f56bfc062723c751e8b465ee728b)
Start importing Assets/NonScripts/Library/note.cs using Guid(e286e54e6957bf448af6e19908383b53) Importer(815301076,1909f56bfc062723c751e8b465ee728b)  -> (artifact id: 'c2f9b2dacfabb6e65e5a288f15dd2a36') in 0.008751 seconds 
========================================================================
Received Prepare
Registering precompiled user dll's ...
Registered in 0.041380 seconds.
Begin MonoManager ReloadAssembly
Symbol file LoadedFromMemory doesn't match image C:\Users\matya\github\multiplayer-game\Library\PackageCache\com.unity.visualscripting@1.7.8\Editor\VisualScripting.Core\Dependencies\YamlDotNet\Unity.VisualScripting.YamlDotNet.dll
Symbol file LoadedFromMemory doesn't match image C:\Users\matya\github\multiplayer-game\Library\PackageCache\com.unity.visualscripting@1.7.8\Editor\VisualScripting.Core\Dependencies\DotNetZip\Unity.VisualScripting.IonicZip.dll
Native extension for WindowsStandalone target not found
Refreshing native plugins compatible for Editor in 0.81 ms, found 3 plugins.
Preloading 0 native plugins for Editor in 0.00 ms.
Mono: successfully reloaded assembly
- Completed reload, in  1.851 seconds
Domain Reload Profiling:
	ReloadAssembly (1852ms)
		BeginReloadAssembly (330ms)
			ExecutionOrderSort (0ms)
			DisableScriptedObjects (16ms)
			BackupInstance (0ms)
			ReleaseScriptingObjects (0ms)
			CreateAndSetChildDomain (115ms)
		EndReloadAssembly (1355ms)
			LoadAssemblies (182ms)
			RebuildTransferFunctionScriptingTraits (0ms)
			SetupTypeCache (441ms)
			ReleaseScriptCaches (2ms)
			RebuildScriptCaches (54ms)
			SetupLoadedEditorAssemblies (622ms)
				LogAssemblyErrors (0ms)
				InitializePlatformSupportModulesInManaged (29ms)
				SetLoadedEditorAssemblies (1ms)
				RefreshPlugins (1ms)
				BeforeProcessingInitializeOnLoad (106ms)
				ProcessInitializeOnLoadAttributes (377ms)
				ProcessInitializeOnLoadMethodAttributes (88ms)
				AfterProcessingInitializeOnLoad (20ms)
				EditorAssembliesLoaded (0ms)
			ExecutionOrderSort2 (0ms)
			AwakeInstancesAfterBackupRestoration (11ms)
Platform modules already initialized, skipping
Refreshing native plugins compatible for Editor in 4.01 ms, found 3 plugins.
Preloading 0 native plugins for Editor in 0.00 ms.
Unloading 3629 Unused Serialized files (Serialized files now loaded: 0)
Unloading 25 unused Assets / (79.7 KB). Loaded Objects now: 4091.
Memory consumption went from 124.2 MB to 124.1 MB.
Total: 8.631600 ms (FindLiveObjects: 0.328900 ms CreateObjectMapping: 0.292100 ms MarkObjects: 7.651200 ms  DeleteObjects: 0.357700 ms)

AssetImportParameters requested are different than current active one (requested -> active):
  custom:video-decoder-ogg-theora: a1e56fd34408186e4bbccfd4996cb3dc -> 
  custom:container-muxer-webm: aa71ff27fc2769a1b78a27578f13a17b -> 
  custom:container-demuxer-webm: 4f35f7cbe854078d1ac9338744f61a02 -> 
  custom:video-encoder-webm-vp8: eb34c28f22e8b96e1ab97ce403110664 -> 
  custom:audio-encoder-webm-vorbis: bf7c407c2cedff20999df2af8eb42d56 -> 
  custom:framework-win-MediaFoundation: 216162199b28c13a410421893ffa2e32 -> 
  custom:container-demuxer-ogg: 62fdf1f143b41e24485cea50d1cbac27 -> 
  custom:video-decoder-webm-vp8: 9c59270c3fd7afecdb556c50c9e8de78 -> 
  custom:audio-decoder-ogg-vorbis: bf7c407c2cedff20999df2af8eb42d56 -> 
========================================================================
Received Prepare
Registering precompiled user dll's ...
Registered in 0.017050 seconds.
Begin MonoManager ReloadAssembly
Symbol file LoadedFromMemory doesn't match image C:\Users\matya\github\multiplayer-game\Library\PackageCache\com.unity.visualscripting@1.7.8\Editor\VisualScripting.Core\Dependencies\YamlDotNet\Unity.VisualScripting.YamlDotNet.dll
Symbol file LoadedFromMemory doesn't match image C:\Users\matya\github\multiplayer-game\Library\PackageCache\com.unity.visualscripting@1.7.8\Editor\VisualScripting.Core\Dependencies\DotNetZip\Unity.VisualScripting.IonicZip.dll
Native extension for WindowsStandalone target not found
Refreshing native plugins compatible for Editor in 1.17 ms, found 3 plugins.
Preloading 0 native plugins for Editor in 0.00 ms.
Mono: successfully reloaded assembly
- Completed reload, in  1.761 seconds
Domain Reload Profiling:
	ReloadAssembly (1762ms)
		BeginReloadAssembly (207ms)
			ExecutionOrderSort (0ms)
			DisableScriptedObjects (8ms)
			BackupInstance (0ms)
			ReleaseScriptingObjects (0ms)
			CreateAndSetChildDomain (50ms)
		EndReloadAssembly (1377ms)
			LoadAssemblies (193ms)
			RebuildTransferFunctionScriptingTraits (0ms)
			SetupTypeCache (471ms)
			ReleaseScriptCaches (2ms)
			RebuildScriptCaches (57ms)
			SetupLoadedEditorAssemblies (581ms)
				LogAssemblyErrors (0ms)
				InitializePlatformSupportModulesInManaged (23ms)
				SetLoadedEditorAssemblies (1ms)
				RefreshPlugins (1ms)
				BeforeProcessingInitializeOnLoad (154ms)
				ProcessInitializeOnLoadAttributes (329ms)
				ProcessInitializeOnLoadMethodAttributes (54ms)
				AfterProcessingInitializeOnLoad (19ms)
				EditorAssembliesLoaded (0ms)
			ExecutionOrderSort2 (0ms)
			AwakeInstancesAfterBackupRestoration (11ms)
Platform modules already initialized, skipping
Refreshing native plugins compatible for Editor in 3.26 ms, found 3 plugins.
Preloading 0 native plugins for Editor in 0.00 ms.
Unloading 3629 Unused Serialized files (Serialized files now loaded: 0)
Unloading 25 unused Assets / (79.8 KB). Loaded Objects now: 4094.
Memory consumption went from 124.2 MB to 124.1 MB.
Total: 5.116700 ms (FindLiveObjects: 0.637400 ms CreateObjectMapping: 0.351300 ms MarkObjects: 4.016500 ms  DeleteObjects: 0.110100 ms)

AssetImportParameters requested are different than current active one (requested -> active):
  custom:video-decoder-ogg-theora: a1e56fd34408186e4bbccfd4996cb3dc -> 
  custom:container-muxer-webm: aa71ff27fc2769a1b78a27578f13a17b -> 
  custom:container-demuxer-webm: 4f35f7cbe854078d1ac9338744f61a02 -> 
  custom:video-encoder-webm-vp8: eb34c28f22e8b96e1ab97ce403110664 -> 
  custom:audio-encoder-webm-vorbis: bf7c407c2cedff20999df2af8eb42d56 -> 
  custom:framework-win-MediaFoundation: 216162199b28c13a410421893ffa2e32 -> 
  custom:container-demuxer-ogg: 62fdf1f143b41e24485cea50d1cbac27 -> 
  custom:video-decoder-webm-vp8: 9c59270c3fd7afecdb556c50c9e8de78 -> 
  custom:audio-decoder-ogg-vorbis: bf7c407c2cedff20999df2af8eb42d56 -> 
========================================================================
Received Prepare
Registering precompiled user dll's ...
Registered in 0.017780 seconds.
Begin MonoManager ReloadAssembly
Symbol file LoadedFromMemory doesn't match image C:\Users\matya\github\multiplayer-game\Library\PackageCache\com.unity.visualscripting@1.7.8\Editor\VisualScripting.Core\Dependencies\YamlDotNet\Unity.VisualScripting.YamlDotNet.dll
Symbol file LoadedFromMemory doesn't match image C:\Users\matya\github\multiplayer-game\Library\PackageCache\com.unity.visualscripting@1.7.8\Editor\VisualScripting.Core\Dependencies\DotNetZip\Unity.VisualScripting.IonicZip.dll
Native extension for WindowsStandalone target not found
Refreshing native plugins compatible for Editor in 0.82 ms, found 3 plugins.
Preloading 0 native plugins for Editor in 0.00 ms.
Mono: successfully reloaded assembly
- Completed reload, in  1.748 seconds
Domain Reload Profiling:
	ReloadAssembly (1749ms)
		BeginReloadAssembly (273ms)
			ExecutionOrderSort (0ms)
			DisableScriptedObjects (12ms)
			BackupInstance (0ms)
			ReleaseScriptingObjects (0ms)
			CreateAndSetChildDomain (76ms)
		EndReloadAssembly (1298ms)
			LoadAssemblies (205ms)
			RebuildTransferFunctionScriptingTraits (0ms)
			SetupTypeCache (445ms)
			ReleaseScriptCaches (2ms)
			RebuildScriptCaches (68ms)
			SetupLoadedEditorAssemblies (526ms)
				LogAssemblyErrors (0ms)
				InitializePlatformSupportModulesInManaged (23ms)
				SetLoadedEditorAssemblies (1ms)
				RefreshPlugins (1ms)
				BeforeProcessingInitializeOnLoad (144ms)
				ProcessInitializeOnLoadAttributes (293ms)
				ProcessInitializeOnLoadMethodAttributes (47ms)
				AfterProcessingInitializeOnLoad (17ms)
				EditorAssembliesLoaded (0ms)
			ExecutionOrderSort2 (0ms)
			AwakeInstancesAfterBackupRestoration (9ms)
Platform modules already initialized, skipping
Refreshing native plugins compatible for Editor in 3.01 ms, found 3 plugins.
Preloading 0 native plugins for Editor in 0.00 ms.
Unloading 3629 Unused Serialized files (Serialized files now loaded: 0)
Unloading 25 unused Assets / (79.9 KB). Loaded Objects now: 4097.
Memory consumption went from 124.2 MB to 124.1 MB.
Total: 3.618600 ms (FindLiveObjects: 0.334500 ms CreateObjectMapping: 0.217600 ms MarkObjects: 2.971300 ms  DeleteObjects: 0.094400 ms)

AssetImportParameters requested are different than current active one (requested -> active):
  custom:video-decoder-ogg-theora: a1e56fd34408186e4bbccfd4996cb3dc -> 
  custom:container-muxer-webm: aa71ff27fc2769a1b78a27578f13a17b -> 
  custom:container-demuxer-webm: 4f35f7cbe854078d1ac9338744f61a02 -> 
  custom:video-encoder-webm-vp8: eb34c28f22e8b96e1ab97ce403110664 -> 
  custom:audio-encoder-webm-vorbis: bf7c407c2cedff20999df2af8eb42d56 -> 
  custom:framework-win-MediaFoundation: 216162199b28c13a410421893ffa2e32 -> 
  custom:container-demuxer-ogg: 62fdf1f143b41e24485cea50d1cbac27 -> 
  custom:video-decoder-webm-vp8: 9c59270c3fd7afecdb556c50c9e8de78 -> 
  custom:audio-decoder-ogg-vorbis: bf7c407c2cedff20999df2af8eb42d56 -> 
